INFO:  * Restarting with stat on 11/17/2021 03:00:39 PM
WARNING:  * Debugger is active! on 11/17/2021 03:00:44 PM
INFO:  * Debugger PIN: 314-959-091 on 11/17/2021 03:00:44 PM
WARNING:  * Running on all addresses.
   WARNING: This is a development server. Do not use it in a production deployment. on 11/17/2021 03:00:45 PM
INFO:  * Running on http://192.168.100.18:5000/ (Press CTRL+C to quit) on 11/17/2021 03:00:45 PM
INFO:  * Detected change in 'D:\\ciklum-interview-test\\Backend\\main.py', reloading on 11/17/2021 03:02:32 PM
INFO:  * Restarting with stat on 11/17/2021 03:02:32 PM
INFO:  * Restarting with stat on 11/17/2021 03:25:22 PM
WARNING:  * Debugger is active! on 11/17/2021 03:25:24 PM
INFO:  * Debugger PIN: 314-959-091 on 11/17/2021 03:25:24 PM
WARNING:  * Running on all addresses.
   WARNING: This is a development server. Do not use it in a production deployment. on 11/17/2021 03:25:25 PM
INFO:  * Running on http://192.168.100.18:5000/ (Press CTRL+C to quit) on 11/17/2021 03:25:25 PM
INFO:  * Restarting with stat on 11/17/2021 03:27:51 PM
WARNING:  * Debugger is active! on 11/17/2021 03:27:54 PM
INFO:  * Debugger PIN: 314-959-091 on 11/17/2021 03:27:54 PM
WARNING:  * Running on all addresses.
   WARNING: This is a development server. Do not use it in a production deployment. on 11/17/2021 03:27:55 PM
INFO:  * Running on http://192.168.100.18:5000/ (Press CTRL+C to quit) on 11/17/2021 03:27:55 PM
INFO:  * Restarting with stat on 11/17/2021 03:27:59 PM
WARNING:  * Debugger is active! on 11/17/2021 03:28:01 PM
INFO:  * Debugger PIN: 314-959-091 on 11/17/2021 03:28:01 PM
WARNING:  * Running on all addresses.
   WARNING: This is a development server. Do not use it in a production deployment. on 11/17/2021 03:28:01 PM
INFO:  * Running on http://192.168.100.18:5000/ (Press CTRL+C to quit) on 11/17/2021 03:28:01 PM
INFO:  * Restarting with stat on 11/17/2021 03:28:45 PM
WARNING:  * Debugger is active! on 11/17/2021 03:28:45 PM
INFO:  * Debugger PIN: 314-959-091 on 11/17/2021 03:28:45 PM
WARNING:  * Running on all addresses.
   WARNING: This is a development server. Do not use it in a production deployment. on 11/17/2021 03:28:46 PM
INFO:  * Running on http://192.168.100.18:5000/ (Press CTRL+C to quit) on 11/17/2021 03:28:46 PM
INFO:  * Detected change in 'D:\\ciklum-interview-test\\Backend\\main.py', reloading on 11/17/2021 03:29:05 PM
INFO:  * Restarting with stat on 11/17/2021 03:29:05 PM
WARNING:  * Debugger is active! on 11/17/2021 03:29:06 PM
INFO:  * Debugger PIN: 314-959-091 on 11/17/2021 03:29:06 PM
INFO:  * Restarting with stat on 11/17/2021 03:30:13 PM
WARNING:  * Debugger is active! on 11/17/2021 03:30:14 PM
INFO:  * Debugger PIN: 314-959-091 on 11/17/2021 03:30:14 PM
WARNING:  * Running on all addresses.
   WARNING: This is a development server. Do not use it in a production deployment. on 11/17/2021 03:30:15 PM
INFO:  * Running on http://192.168.100.18:5000/ (Press CTRL+C to quit) on 11/17/2021 03:30:15 PM
INFO:  * Restarting with stat on 11/17/2021 03:30:18 PM
WARNING:  * Debugger is active! on 11/17/2021 03:30:19 PM
INFO:  * Debugger PIN: 314-959-091 on 11/17/2021 03:30:19 PM
WARNING:  * Running on all addresses.
   WARNING: This is a development server. Do not use it in a production deployment. on 11/17/2021 03:30:19 PM
INFO:  * Running on http://192.168.100.18:5000/ (Press CTRL+C to quit) on 11/17/2021 03:30:19 PM
